<?xml version="1.0" encoding="UTF-8"?>
<coverage generated="1734086816088" clover="3.2.0">
  <project timestamp="1734086816088" name="All files">
    <metrics statements="27" coveredstatements="7" conditionals="10" coveredconditionals="1" methods="6" coveredmethods="2" elements="43" coveredelements="10" complexity="0" loc="27" ncloc="27" packages="1" files="1" classes="1"/>
    <file name="SnippetController.ts" path="/home/fauze/Documents/code-snippet-generator/src/application/services/SnippetController.ts">
      <metrics statements="27" coveredstatements="7" conditionals="10" coveredconditionals="1" methods="6" coveredmethods="2"/>
      <line num="4" count="1" type="stmt"/>
      <line num="5" count="2" type="stmt"/>
      <line num="8" count="2" type="stmt"/>
      <line num="9" count="2" type="stmt"/>
      <line num="10" count="2" type="stmt"/>
      <line num="11" count="1" type="stmt"/>
      <line num="13" count="1" type="cond" truecount="1" falsecount="1"/>
      <line num="18" count="0" type="stmt"/>
      <line num="19" count="0" type="stmt"/>
      <line num="20" count="0" type="stmt"/>
      <line num="21" count="0" type="stmt"/>
      <line num="23" count="0" type="cond" truecount="0" falsecount="2"/>
      <line num="28" count="0" type="stmt"/>
      <line num="29" count="0" type="stmt"/>
      <line num="30" count="0" type="stmt"/>
      <line num="32" count="0" type="cond" truecount="0" falsecount="2"/>
      <line num="37" count="0" type="stmt"/>
      <line num="38" count="0" type="stmt"/>
      <line num="39" count="0" type="stmt"/>
      <line num="40" count="0" type="stmt"/>
      <line num="41" count="0" type="stmt"/>
      <line num="43" count="0" type="cond" truecount="0" falsecount="2"/>
      <line num="48" count="0" type="stmt"/>
      <line num="49" count="0" type="stmt"/>
      <line num="50" count="0" type="stmt"/>
      <line num="51" count="0" type="stmt"/>
      <line num="53" count="0" type="cond" truecount="0" falsecount="2"/>
    </file>
  </project>
</coverage>
