{"/home/fauze/Documents/code-snippet-generator/src/application/services/SnippetController.ts": {"path":"/home/fauze/Documents/code-snippet-generator/src/application/services/SnippetController.ts","statementMap":{"0":{"start":{"line":5,"column":33},"end":{"line":5,"column":63}},"1":{"start":{"line":8,"column":8},"end":{"line":14,"column":9}},"2":{"start":{"line":9,"column":39},"end":{"line":9,"column":47}},"3":{"start":{"line":10,"column":28},"end":{"line":10,"column":87}},"4":{"start":{"line":11,"column":12},"end":{"line":11,"column":87}},"5":{"start":{"line":13,"column":12},"end":{"line":13,"column":108}},"6":{"start":{"line":18,"column":8},"end":{"line":24,"column":9}},"7":{"start":{"line":19,"column":27},"end":{"line":19,"column":37}},"8":{"start":{"line":20,"column":28},"end":{"line":20,"column":72}},"9":{"start":{"line":21,"column":12},"end":{"line":21,"column":42}},"10":{"start":{"line":23,"column":12},"end":{"line":23,"column":108}},"11":{"start":{"line":28,"column":8},"end":{"line":33,"column":9}},"12":{"start":{"line":29,"column":29},"end":{"line":29,"column":71}},"13":{"start":{"line":30,"column":12},"end":{"line":30,"column":43}},"14":{"start":{"line":32,"column":12},"end":{"line":32,"column":108}},"15":{"start":{"line":37,"column":8},"end":{"line":44,"column":9}},"16":{"start":{"line":38,"column":27},"end":{"line":38,"column":37}},"17":{"start":{"line":39,"column":39},"end":{"line":39,"column":47}},"18":{"start":{"line":40,"column":12},"end":{"line":40,"column":76}},"19":{"start":{"line":41,"column":12},"end":{"line":41,"column":78}},"20":{"start":{"line":43,"column":12},"end":{"line":43,"column":108}},"21":{"start":{"line":48,"column":8},"end":{"line":54,"column":9}},"22":{"start":{"line":49,"column":27},"end":{"line":49,"column":37}},"23":{"start":{"line":50,"column":12},"end":{"line":50,"column":56}},"24":{"start":{"line":51,"column":12},"end":{"line":51,"column":78}},"25":{"start":{"line":53,"column":12},"end":{"line":53,"column":108}},"26":{"start":{"line":4,"column":0},"end":{"line":4,"column":13}}},"fnMap":{"0":{"name":"(anonymous_7)","decl":{"start":{"line":5,"column":4},"end":{"line":5,"column":33}},"loc":{"start":{"line":5,"column":63},"end":{"line":5,"column":67}}},"1":{"name":"(anonymous_8)","decl":{"start":{"line":7,"column":10},"end":{"line":7,"column":23}},"loc":{"start":{"line":7,"column":51},"end":{"line":15,"column":null}}},"2":{"name":"(anonymous_10)","decl":{"start":{"line":17,"column":10},"end":{"line":17,"column":24}},"loc":{"start":{"line":17,"column":52},"end":{"line":25,"column":null}}},"3":{"name":"(anonymous_12)","decl":{"start":{"line":27,"column":10},"end":{"line":27,"column":24}},"loc":{"start":{"line":27,"column":52},"end":{"line":34,"column":null}}},"4":{"name":"(anonymous_14)","decl":{"start":{"line":36,"column":10},"end":{"line":36,"column":23}},"loc":{"start":{"line":36,"column":51},"end":{"line":45,"column":null}}},"5":{"name":"(anonymous_16)","decl":{"start":{"line":47,"column":10},"end":{"line":47,"column":23}},"loc":{"start":{"line":47,"column":51},"end":{"line":55,"column":null}}}},"branchMap":{"0":{"loc":{"start":{"line":13,"column":43},"end":{"line":13,"column":103}},"type":"cond-expr","locations":[{"start":{"line":13,"column":68},"end":{"line":13,"column":81}},{"start":{"line":13,"column":84},"end":{"line":13,"column":103}}]},"1":{"loc":{"start":{"line":23,"column":43},"end":{"line":23,"column":103}},"type":"cond-expr","locations":[{"start":{"line":23,"column":68},"end":{"line":23,"column":81}},{"start":{"line":23,"column":84},"end":{"line":23,"column":103}}]},"2":{"loc":{"start":{"line":32,"column":43},"end":{"line":32,"column":103}},"type":"cond-expr","locations":[{"start":{"line":32,"column":68},"end":{"line":32,"column":81}},{"start":{"line":32,"column":84},"end":{"line":32,"column":103}}]},"3":{"loc":{"start":{"line":43,"column":43},"end":{"line":43,"column":103}},"type":"cond-expr","locations":[{"start":{"line":43,"column":68},"end":{"line":43,"column":81}},{"start":{"line":43,"column":84},"end":{"line":43,"column":103}}]},"4":{"loc":{"start":{"line":53,"column":43},"end":{"line":53,"column":103}},"type":"cond-expr","locations":[{"start":{"line":53,"column":68},"end":{"line":53,"column":81}},{"start":{"line":53,"column":84},"end":{"line":53,"column":103}}]}},"s":{"0":2,"1":2,"2":2,"3":2,"4":1,"5":1,"6":0,"7":0,"8":0,"9":0,"10":0,"11":0,"12":0,"13":0,"14":0,"15":0,"16":0,"17":0,"18":0,"19":0,"20":0,"21":0,"22":0,"23":0,"24":0,"25":0,"26":1},"f":{"0":2,"1":2,"2":0,"3":0,"4":0,"5":0},"b":{"0":[1,0],"1":[0,0],"2":[0,0],"3":[0,0],"4":[0,0]}}
}
